[debug] [2023-04-03T14:37:58.010Z] ----------------------------------------------------------------------
[debug] [2023-04-03T14:37:58.013Z] Command:       C:\Program Files\nodejs\node.exe C:\Users\shekh\AppData\Roaming\npm\node_modules\firebase-tools\lib\bin\firebase.js init hosting:github
[debug] [2023-04-03T14:37:58.014Z] CLI Version:   11.25.2
[debug] [2023-04-03T14:37:58.014Z] Platform:      win32
[debug] [2023-04-03T14:37:58.015Z] Node Version:  v18.12.1
[debug] [2023-04-03T14:37:58.016Z] Time:          Mon Apr 03 2023 20:07:58 GMT+0530 (India Standard Time)
[debug] [2023-04-03T14:37:58.016Z] ----------------------------------------------------------------------
[debug] 
[debug] [2023-04-03T14:37:58.134Z] > command requires scopes: ["email","openid","https://www.googleapis.com/auth/cloudplatformprojects.readonly","https://www.googleapis.com/auth/firebase","https://www.googleapis.com/auth/cloud-platform"]
[debug] [2023-04-03T14:37:58.135Z] > authorizing via signed-in user (shekharhans161@gmail.com)
[info] 
     ######## #### ########  ######## ########     ###     ######  ########
     ##        ##  ##     ## ##       ##     ##  ##   ##  ##       ##
     ######    ##  ########  ######   ########  #########  ######  ######
     ##        ##  ##    ##  ##       ##     ## ##     ##       ## ##
     ##       #### ##     ## ######## ########  ##     ##  ######  ########

You're about to initialize a Firebase project in this directory:

  D:\Web development\next js\Blog

Before we get started, keep in mind:

  * You are initializing within an existing Firebase project directory

[info] 
=== Project Setup
[info] 
[info] First, let's associate this project directory with a Firebase project.
[info] You can create multiple project aliases by running firebase use --add, 
[info] but for now we'll just set up a default project.
[info] 
[debug] [2023-04-03T14:41:22.194Z] Using project from CLI flag: next-hunt-91a9c
[debug] [2023-04-03T14:41:22.203Z] >>> [apiv2][query] GET https://firebase.googleapis.com/v1beta1/projects/next-hunt-91a9c [none]
[debug] [2023-04-03T14:41:22.940Z] <<< [apiv2][status] GET https://firebase.googleapis.com/v1beta1/projects/next-hunt-91a9c 200
[debug] [2023-04-03T14:41:22.941Z] <<< [apiv2][body] GET https://firebase.googleapis.com/v1beta1/projects/next-hunt-91a9c {"projectId":"next-hunt-91a9c","projectNumber":"750384223947","displayName":"Next-Hunt","name":"projects/next-hunt-91a9c","resources":{"hostingSite":"next-hunt-91a9c"},"state":"ACTIVE","etag":"1_06b0da98-4e13-46d7-837b-447c6cbfd600"}
[info] i  Using project next-hunt-91a9c (Next-Hunt) 
[info] 
=== Hosting:github Setup
[info] 
[info] i  Detected a .git folder at D:\Web development\next js\Blog 
[info] i  Authorizing with GitHub to upload your service account to a GitHub repository's secrets store. 
[info] 
[info] Visit this URL on this device to log in:
[info] https://github.com/login/oauth/authorize?client_id=89cf50f02ac6aaed3484&state=687479963&redirect_uri=http%3A%2F%2Flocalhost%3A9005&scope=read%3Auser%20repo%20public_repo
[info] 
[info] Waiting for authentication...
[debug] [2023-04-03T14:41:23.921Z] >>> [apiv2][query] POST https://github.com/login/oauth/access_token [none]
[debug] [2023-04-03T14:41:23.922Z] >>> [apiv2][body] POST https://github.com/login/oauth/access_token [stream]
[debug] [2023-04-03T14:41:24.478Z] <<< [apiv2][status] POST https://github.com/login/oauth/access_token 200
[debug] [2023-04-03T14:41:24.479Z] <<< [apiv2][body] POST https://github.com/login/oauth/access_token {"access_token":"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","token_type":"bearer","scope":"read:user,repo"}
[debug] [2023-04-03T14:41:24.497Z] >>> [apiv2][query] GET https://api.github.com/user [none]
[debug] [2023-04-03T14:41:25.031Z] <<< [apiv2][status] GET https://api.github.com/user 200
[debug] [2023-04-03T14:41:25.032Z] <<< [apiv2][body] GET https://api.github.com/user {"login":"ShekharHans","id":117727599,"node_id":"U_kgDOBwRhbw","avatar_url":"https://avatars.githubusercontent.com/u/117727599?v=4","gravatar_id":"","url":"https://api.github.com/users/ShekharHans","html_url":"https://github.com/ShekharHans","followers_url":"https://api.github.com/users/ShekharHans/followers","following_url":"https://api.github.com/users/ShekharHans/following{/other_user}","gists_url":"https://api.github.com/users/ShekharHans/gists{/gist_id}","starred_url":"https://api.github.com/users/ShekharHans/starred{/owner}{/repo}","subscriptions_url":"https://api.github.com/users/ShekharHans/subscriptions","organizations_url":"https://api.github.com/users/ShekharHans/orgs","repos_url":"https://api.github.com/users/ShekharHans/repos","events_url":"https://api.github.com/users/ShekharHans/events{/privacy}","received_events_url":"https://api.github.com/users/ShekharHans/received_events","type":"User","site_admin":false,"name":"Shekhar Hans","company":null,"blog":"","location":"VIP Nagar, Kolkata 700100","email":null,"hireable":null,"bio":"Web Designer ★ Front-end Developer ★ Competitive Coder ★ Coding Enthusiast ★ Consistent ★ Digital Painter","twitter_username":null,"public_repos":12,"public_gists":0,"followers":2,"following":1,"created_at":"2022-11-08T10:21:42Z","updated_at":"2023-03-26T21:48:30Z","private_gists":0,"total_private_repos":1,"owned_private_repos":1,"disk_usage":282779,"collaborators":0,"two_factor_authentication":false,"plan":{"name":"free","space":976562499,"collaborators":0,"private_repos":10000}}
[info] 
[info] +  Success! Logged into GitHub as ShekharHans 
[info] 
